{"name": "Проверка создания заказа НЕавторизованным пользователем", "status": "failed", "statusDetails": {"message": "AssertionError: assert (200 == 401)\n +  where 200 = <Response [200]>.status_code", "trace": "self = <test_create_order.TestCreateOrder object at 0x10140ac60>\n\n    @allure.title('Проверка создания заказа НЕавторизованным пользователем')\n    @allure.description('Проверка ошибки, статус-кода и текста ответа')\n    def test_create_order_unauthorized_user(self):\n        created_order = BurgerApi.create_order(OrderData.INGREDIENTS_DATA)\n    \n>       assert (created_order.status_code == 401 and\n                created_order.json()['message'] == data.ResponseMassage.UNAUTHORIZED_USER)\nE       assert (200 == 401)\nE        +  where 200 = <Response [200]>.status_code\n\ntests/test_create_order.py:26: AssertionError"}, "description": "Проверка ошибки, статус-кода и текста ответа", "start": 1719408432454, "stop": 1719408432753, "uuid": "e026d0e0-da91-4820-bdf3-0fe4ae592a36", "historyId": "fc3e908be2f7b3e6e887fb42ae93b54e", "testCaseId": "fc3e908be2f7b3e6e887fb42ae93b54e", "fullName": "tests.test_create_order.TestCreateOrder#test_create_order_unauthorized_user", "labels": [{"name": "parentSuite", "value": "tests"}, {"name": "suite", "value": "test_create_order"}, {"name": "subSuite", "value": "TestCreateOrder"}, {"name": "host", "value": "MacBook-Air-von-Elina.local"}, {"name": "thread", "value": "7621-MainThread"}, {"name": "framework", "value": "pytest"}, {"name": "language", "value": "cpython3"}, {"name": "package", "value": "tests.test_create_order"}]}